Using pre-set license
Built from 'trunk' branch; Version is '2021.2.0a13 (71a161db37e2) revision 7446881'; Using compiler version '192829333'; Build Type 'Release'
OS: 'Windows 10 Home; OS build 22000.348; Version 2009; 64bit' Language: 'en' Physical Memory: 16206 MB
BatchMode: 1, IsHumanControllingUs: 0, StartBugReporterOnCrash: 0, Is64bit: 1, IsPro: 0

 COMMAND LINE ARGUMENTS:
D:\UnityInstalls\2021.2.0a13\Editor\Unity.exe
-adb2
-batchMode
-noUpm
-name
AssetImportWorker24
-projectPath
D:/UnityProjects/TrustFallGL
-logFile
Logs/AssetImportWorker24.log
-srvPort
51482
Successfully changed project path to: D:/UnityProjects/TrustFallGL
D:/UnityProjects/TrustFallGL
Using Asset Import Pipeline V2.
Refreshing native plugins compatible for Editor in 248.52 ms, found 3 plugins.
Preloading 0 native plugins for Editor in 0.00 ms.
Initialize engine version: 2021.2.0a13 (71a161db37e2)
[Subsystems] Discovering subsystems at path D:/UnityInstalls/2021.2.0a13/Editor/Data/Resources/UnitySubsystems
[Subsystems] Discovering subsystems at path D:/UnityProjects/TrustFallGL/Assets
GfxDevice: creating device client; threaded=0; jobified=0
Direct3D:
    Version:  Direct3D 11.0 [level 11.1]
    Renderer: NVIDIA GeForce RTX 2080 SUPER (ID=0x1e81)
    Vendor:   NVIDIA
    VRAM:     8010 MB
    Driver:   30.0.14.7168
Initialize mono
Mono path[0] = 'D:/UnityInstalls/2021.2.0a13/Editor/Data/Managed'
Mono path[1] = 'D:/UnityInstalls/2021.2.0a13/Editor/Data/MonoBleedingEdge/lib/mono/unityjit'
Mono config path = 'D:/UnityInstalls/2021.2.0a13/Editor/Data/MonoBleedingEdge/etc'
Using monoOptions --debugger-agent=transport=dt_socket,embedding=1,server=y,suspend=n,address=127.0.0.1:56816
Begin MonoManager ReloadAssembly
